0 info it worked if it ends with ok
1 verbose cli [ 'c:\\Program Files\\nodejs\\node.exe',
1 verbose cli   'c:\\Program Files\\nodejs\\node_modules\\npm\\bin\\npm-cli.js',
1 verbose cli   'start' ]
2 info using npm@3.3.6
3 info using node@v5.0.0
4 verbose run-script [ 'prestart', 'start', 'poststart' ]
5 info lifecycle barhoppr@0.0.0~prestart: barhoppr@0.0.0
6 silly lifecycle barhoppr@0.0.0~prestart: no script for prestart, continuing
7 info lifecycle barhoppr@0.0.0~start: barhoppr@0.0.0
8 verbose lifecycle barhoppr@0.0.0~start: unsafe-perm in lifecycle true
9 verbose lifecycle barhoppr@0.0.0~start: PATH: c:\Program Files\nodejs\node_modules\npm\bin\node-gyp-bin;d:\Dropbox\Programming_Stuff\projects\barhoppr\node_modules\.bin;c:\Users\Compy\bin;.;C:\Program Files (x86)\Git\local\bin;C:\Program Files (x86)\Git\mingw\bin;C:\Program Files (x86)\Git\bin;C:\Program Files (x86)\Git\bin;c:\Program Files (x86)\NVIDIA Corporation\PhysX\Common;c:\Windows\system32;c:\Windows;c:\Windows\System32\Wbem;c:\Windows\System32\WindowsPowerShell\v1.0\;c:\Program Files\nodejs\;c:\Ruby193\bin;c:\Users\Compy\AppData\Roaming\npm
10 verbose lifecycle barhoppr@0.0.0~start: CWD: d:\Dropbox\Programming_Stuff\projects\barhoppr
11 silly lifecycle barhoppr@0.0.0~start: Args: [ '/d /s /c', 'node ./bin/www' ]
12 silly lifecycle barhoppr@0.0.0~start: Returned: code: 1  signal: null
13 info lifecycle barhoppr@0.0.0~start: Failed to exec start script
14 verbose stack Error: barhoppr@0.0.0 start: `node ./bin/www`
14 verbose stack Exit status 1
14 verbose stack     at EventEmitter.<anonymous> (c:\Program Files\nodejs\node_modules\npm\lib\utils\lifecycle.js:233:16)
14 verbose stack     at emitTwo (events.js:87:13)
14 verbose stack     at EventEmitter.emit (events.js:172:7)
14 verbose stack     at ChildProcess.<anonymous> (c:\Program Files\nodejs\node_modules\npm\lib\utils\spawn.js:24:14)
14 verbose stack     at emitTwo (events.js:87:13)
14 verbose stack     at ChildProcess.emit (events.js:172:7)
14 verbose stack     at maybeClose (internal/child_process.js:818:16)
14 verbose stack     at Process.ChildProcess._handle.onexit (internal/child_process.js:211:5)
15 verbose pkgid barhoppr@0.0.0
16 verbose cwd d:\Dropbox\Programming_Stuff\projects\barhoppr
17 error Windows_NT 6.1.7601
18 error argv "c:\\Program Files\\nodejs\\node.exe" "c:\\Program Files\\nodejs\\node_modules\\npm\\bin\\npm-cli.js" "start"
19 error node v5.0.0
20 error npm  v3.3.6
21 error code ELIFECYCLE
22 error barhoppr@0.0.0 start: `node ./bin/www`
22 error Exit status 1
23 error Failed at the barhoppr@0.0.0 start script 'node ./bin/www'.
23 error This is most likely a problem with the barhoppr package,
23 error not with npm itself.
23 error Tell the author that this fails on your system:
23 error     node ./bin/www
23 error You can get their info via:
23 error     npm owner ls barhoppr
23 error There is likely additional logging output above.
24 verbose exit [ 1, true ]
